Arguments: 
  /Users/masurka/.nvm/versions/node/v15.6.0/bin/node /Users/masurka/.nvm/versions/node/v15.6.0/bin/yarn add @openzeppelin/contracts-upgradable

PATH: 
  /Users/masurka/.npm-packages/bin:/usr/local/bin:/Users/masurka/bin:/Users/masurka/.nvm/versions/node/v15.6.0/bin:/Library/Frameworks/Python.framework/Versions/3.7/bin:/usr/local/bin:/usr/bin:/bin:/usr/sbin:/sbin:/Library/Apple/usr/bin:/Users/masurka/.npm-packages/bin:/Users/masurka/bin:/Users/masurka/.nvm/versions/node/v15.6.0/bin:/Library/Frameworks/Python.framework/Versions/3.7/bin

Yarn version: 
  1.22.10

Node version: 
  15.6.0

Platform: 
  darwin x64

Trace: 
  Error: https://registry.yarnpkg.com/@openzeppelin%2fcontracts-upgradable: Not found
      at Request.params.callback [as _callback] (/Users/masurka/.nvm/versions/node/v15.6.0/lib/node_modules/yarn/lib/cli.js:66988:18)
      at Request.self.callback (/Users/masurka/.nvm/versions/node/v15.6.0/lib/node_modules/yarn/lib/cli.js:140662:22)
      at Request.emit (node:events:379:20)
      at Request.<anonymous> (/Users/masurka/.nvm/versions/node/v15.6.0/lib/node_modules/yarn/lib/cli.js:141634:10)
      at Request.emit (node:events:379:20)
      at IncomingMessage.<anonymous> (/Users/masurka/.nvm/versions/node/v15.6.0/lib/node_modules/yarn/lib/cli.js:141556:12)
      at Object.onceWrapper (node:events:485:28)
      at IncomingMessage.emit (node:events:391:22)
      at endReadableNT (node:internal/streams/readable:1307:12)
      at processTicksAndRejections (node:internal/process/task_queues:81:21)

npm manifest: 
  {
    "name": "labeldao",
    "version": "1.0.0",
    "description": "",
    "main": "index.js",
    "scripts": {
      "test": "echo \"Error: no test specified\" && exit 1"
    },
    "repository": {
      "type": "git",
      "url": "git+https://github.com/LabelDAO/LabelDAO.git"
    },
    "author": "",
    "license": "ISC",
    "bugs": {
      "url": "https://github.com/LabelDAO/LabelDAO/issues"
    },
    "homepage": "https://github.com/LabelDAO/LabelDAO#readme",
    "dependencies": {
      "@openzeppelin/contracts": "^4.2.0"
    }
  }

yarn manifest: 
  No manifest

Lockfile: 
  # THIS IS AN AUTOGENERATED FILE. DO NOT EDIT THIS FILE DIRECTLY.
  # yarn lockfile v1
  
  
  "@openzeppelin/contracts@^4.2.0":
    version "4.2.0"
    resolved "https://registry.yarnpkg.com/@openzeppelin/contracts/-/contracts-4.2.0.tgz#260d921d99356e48013d9d760caaa6cea35dc642"
    integrity sha512-LD4NnkKpHHSMo5z9MvFsG4g1xxZUDqV3A3Futu3nvyfs4wPwXxqOgMaxOoa2PeyGL2VNeSlbxT54enbQzGcgJQ==
